training supervised accuracy;		training supervised loss;		training supervised weight;		training unsupervised accuracy;		training unsupervised loss;		training total loss		validation supervised accuracy;		 validation attention accuracy		validation ensemble accuracy;
0.505496		0.688838		0.615526		0.718868		0.000008		0.687874		0.508800		0.714000		0.508800
0.497387		6.599052		0.526068		0.739232		0.085619		6.670427		0.491200		0.712800		0.491200
0.502613		4.049437		0.369731		0.738872		0.022534		4.062356		0.491600		0.712800		0.492400
0.502793		2.842441		0.320045		0.738872		0.012991		2.848035		0.706000		0.712800		0.749200
0.742837		0.602394		0.318058		0.738872		0.000500		0.601412		0.508800		0.714000		0.508800
0.497387		1.702348		0.318107		0.739232		0.007241		1.704328		0.508800		0.714000		0.508800
0.497387		1.541905		0.321779		0.739232		0.005955		1.542640		0.514800		0.714000		0.573600
0.502974		0.761135		0.418585		0.738872		0.000868		0.759506		0.491200		0.713600		0.544800
0.502613		0.768769		0.507102		0.740494		0.000385		0.766495		0.491200		0.714000		0.491200
0.502613		0.950263		0.388128		0.739052		0.001023		0.947271		0.491200		0.714000		0.692000
0.502613		0.722982		0.382022		0.739052		0.000346		0.720114		0.506800		0.714000		0.508000
0.496125		0.805892		0.487023		0.739052		0.000758		0.804607		0.507600		0.714000		0.514400
0.496666		0.732361		0.475841		0.739052		0.000640		0.729827		0.610000		0.714000		0.718800
0.597045		0.651970		0.419514		0.739052		0.000280		0.648924		0.491200		0.714000		0.712400
0.502613		0.689040		0.427368		0.739232		0.000384		0.685690		0.757200		0.714000		0.750800
0.771310		0.633950		0.463686		0.739232		0.000183		0.630462		0.559600		0.714000		0.682800
0.548027		0.638292		0.459400		0.739232		0.000565		0.635276		0.700400		0.714000		0.751600
0.700306		0.599991		0.416208		0.739232		0.000438		0.596247		0.732400		0.714000		0.765200
0.763921		0.605998		0.399084		0.739232		0.000541		0.601893		0.756400		0.712800		0.764400
0.771310		0.580826		0.391491		0.738872		0.000549		0.576607		0.738800		0.712800		0.762400
0.739232		0.573150		0.403317		0.738872		0.000862		0.569222		0.749600		0.712800		0.762800
0.758155		0.563015		0.397810		0.738872		0.000958		0.558714		0.758000		0.712800		0.768400
0.769688		0.562317		0.369075		0.738872		0.001177		0.557609		0.766400		0.712800		0.768400
0.780861		0.557702		0.347262		0.738872		0.001493		0.552738		0.764400		0.712800		0.776000
0.783384		0.556246		0.338731		0.738872		0.001851		0.551097		0.743600		0.712800		0.769600
0.749685		0.581002		0.337862		0.738872		0.003437		0.577597		0.743600		0.712800		0.774400
0.775455		0.572653		0.337397		0.738872		0.002985		0.567386		0.747200		0.712800		0.776400
0.776536		0.572300		0.328800		0.738872		0.003603		0.566658		0.770000		0.714000		0.777200
0.792215		0.545832		0.324690		0.739232		0.003861		0.540728		0.740800		0.714000		0.766000
0.748603		0.573523		0.324265		0.739232		0.006321		0.571379		0.768000		0.714000		0.777200
0.782303		0.543947		0.324558		0.739232		0.005175		0.538226		0.779600		0.714000		0.782800
0.791854		0.540714		0.324998		0.739232		0.005050		0.533768		0.771200		0.714000		0.780800
0.794377		0.543621		0.324687		0.739232		0.005203		0.535396		0.772000		0.714000		0.778400
0.795999		0.542323		0.323980		0.739232		0.005394		0.533056		0.739600		0.714000		0.768800
0.745179		0.577267		0.323908		0.739232		0.008779		0.571606		0.770800		0.714000		0.782000
0.794558		0.546816		0.323805		0.739232		0.006184		0.535386		0.764400		0.714000		0.776000
0.791314		0.553006		0.324330		0.739232		0.007009		0.540508		0.776000		0.714000		0.779600
0.795819		0.542657		0.323948		0.739232		0.007117		0.529284		0.788800		0.714000		0.782400
0.801766		0.533512		0.323696		0.739232		0.007498		0.520013		0.776800		0.714000		0.780400
0.789692		0.534241		0.323985		0.739232		0.008677		0.521066		0.768000		0.714000		0.778400
0.779960		0.537841		0.323929		0.739232		0.009864		0.524017		0.773600		0.714000		0.780000
0.785727		0.535023		0.323831		0.739232		0.009911		0.518635		0.785600		0.714000		0.781200
0.799964		0.530647		0.325154		0.739232		0.009300		0.510970		0.795600		0.714000		0.785600
0.812218		0.531865		0.327379		0.739232		0.009186		0.509484		0.788800		0.714000		0.780800
0.807893		0.535675		0.325403		0.739232		0.009791		0.511260		0.790800		0.714000		0.784000
0.809515		0.535263		0.324322		0.739232		0.010422		0.509364		0.797200		0.714000		0.785600
0.814201		0.530089		0.326030		0.739232		0.010893		0.503440		0.795200		0.714000		0.784800
0.812579		0.526249		0.327695		0.739232		0.011781		0.499582		0.781600		0.714000		0.787200
0.803929		0.529457		0.324058		0.739232		0.013734		0.502924		0.787600		0.714000		0.784000
0.806992		0.525596		0.323793		0.739232		0.013391		0.495311		0.796000		0.714000		0.784800
0.814561		0.525403		0.328334		0.739232		0.012992		0.491817		0.800400		0.714000		0.786400
0.818706		0.527289		0.327805		0.739232		0.013092		0.490660		0.802400		0.714000		0.787200
0.817625		0.527744		0.325572		0.739232		0.013420		0.488771		0.779200		0.714000		0.781200
0.802667		0.532692		0.333824		0.739232		0.015110		0.495166		0.794400		0.714000		0.789200
0.819247		0.534522		0.326171		0.739232		0.014591		0.490742		0.797600		0.714000		0.788800
0.817264		0.533532		0.330494		0.739232		0.015060		0.488242		0.792800		0.714000		0.782000
0.816003		0.525413		0.328063		0.739232		0.015184		0.480059		0.784400		0.714000		0.783200
0.807713		0.525262		0.331301		0.739232		0.016159		0.480311		0.783600		0.714000		0.781200
0.803208		0.527900		0.324778		0.739232		0.017045		0.479841		0.787600		0.714000		0.780000
0.810777		0.527819		0.338205		0.739232		0.014869		0.474096		0.788800		0.714000		0.772400
0.811858		0.530996		0.321240		0.739232		0.015430		0.472794		0.800400		0.714000		0.779600
0.813840		0.533574		0.325743		0.739232		0.015267		0.473361		0.787200		0.714400		0.799600
0.814922		0.538721		0.459364		0.739232		0.012099		0.482681		0.796400		0.714000		0.778800
0.814922		0.535515		0.337936		0.739232		0.016940		0.473978		0.742400		0.714000		0.772000
0.747702		0.550478		0.317282		0.739232		0.024713		0.502029		0.796400		0.714000		0.775200
0.814201		0.529044		0.317260		0.739232		0.017716		0.464167		0.785200		0.714000		0.780000
0.811858		0.538759		0.317255		0.739232		0.019678		0.473152		0.789600		0.705600		0.774000
0.814201		0.530188		0.317255		0.738692		0.018920		0.464538		0.782000		0.705600		0.773200
0.808074		0.525140		0.317255		0.738692		0.019163		0.461445		0.774800		0.705600		0.772400
0.791854		0.528614		0.317255		0.738692		0.020209		0.464031		0.781200		0.705600		0.771600
0.805911		0.528285		0.317255		0.738692		0.018934		0.458559		0.788000		0.705600		0.768000
0.808794		0.531107		0.317255		0.738692		0.018098		0.457428		0.792400		0.705600		0.770000
0.812399		0.534391		0.317255		0.738692		0.018506		0.459497		0.794400		0.705600		0.770400
0.811858		0.531972		0.317255		0.738692		0.018829		0.457750		0.790400		0.705600		0.772400
0.810597		0.525506		0.317255		0.738692		0.019265		0.454040		0.786400		0.705600		0.775600
0.806632		0.521984		0.317258		0.738692		0.020705		0.454043		0.787600		0.705600		0.775200
0.809335		0.519925		0.320445		0.739232		0.021235		0.452194		0.794400		0.710000		0.782400
0.815823		0.521512		0.360657		0.735628		0.020438		0.454280		0.798000		0.705600		0.777600
0.817264		0.524688		0.317321		0.738692		0.020691		0.451591		0.796000		0.705600		0.777200
0.813840		0.522592		0.317256		0.738692		0.020222		0.449125		0.787600		0.705600		0.774800
0.811137		0.522529		0.317256		0.738692		0.020293		0.449084		0.789600		0.705600		0.774000
0.810597		0.523335		0.317261		0.738692		0.020135		0.448401		0.791600		0.705600		0.773600
0.813660		0.523795		0.317273		0.738692		0.019693		0.447104		0.797200		0.705600		0.776800
0.817805		0.524104		0.317273		0.738692		0.019879		0.447339		0.794000		0.705600		0.775600
0.817625		0.521186		0.317273		0.738692		0.020189		0.446003		0.787600		0.705600		0.774400
0.813480		0.519703		0.317273		0.738692		0.020655		0.445641		0.791200		0.705600		0.774400
0.815642		0.519600		0.317273		0.738692		0.020469		0.444256		0.790800		0.705600		0.774400
0.819427		0.521089		0.317273		0.738692		0.020210		0.444133		0.791200		0.712800		0.774400
0.816544		0.520739		0.317274		0.738692		0.020046		0.443584		0.791200		0.712800		0.772800
0.813840		0.520050		0.317276		0.738692		0.020123		0.443296		0.790800		0.712800		0.772400
0.814922		0.519664		0.317308		0.738692		0.020065		0.442446		0.791600		0.712800		0.773200
0.816003		0.519417		0.317490		0.738692		0.020081		0.442027		0.788000		0.712800		0.772000
0.814381		0.517092		0.320984		0.738692		0.020212		0.441464		0.788000		0.712800		0.773600
0.811858		0.515075		0.332375		0.738692		0.019925		0.441187		0.758000		0.712800		0.770000
0.776536		0.523398		0.317612		0.738872		0.024508		0.455640		0.730400		0.712800		0.765600
0.748784		0.587048		0.317385		0.738872		0.031173		0.507781		0.788800		0.712800		0.760000
0.807172		0.541804		0.317367		0.738872		0.018156		0.451741		0.752800		0.714000		0.760800
0.764642		0.555130		0.317391		0.739232		0.020465		0.467175		0.738400		0.714000		0.764800
0.745360		0.557948		0.317437		0.739232		0.024303		0.475612		0.784000		0.714000		0.761600
0.798162		0.552766		0.317564		0.739232		0.019096		0.459691		0.794400		0.714000		0.762400
0.816544		0.555690		0.317846		0.739232		0.017923		0.460866		0.796400		0.714000		0.770400
0.812759		0.545436		0.318538		0.739232		0.018756		0.457252		0.783200		0.714000		0.775200
0.797801		0.535500		0.320501		0.739232		0.022806		0.460626		0.795200		0.714000		0.779600
0.809155		0.534574		0.326517		0.739232		0.020848		0.453847		0.793200		0.714000		0.784800
0.809335		0.540944		0.344415		0.739232		0.018769		0.457456		0.796000		0.714000		0.784400
0.816363		0.532288		0.351084		0.739232		0.019218		0.454632		0.793600		0.714000		0.780000
0.815642		0.527611		0.325849		0.739232		0.023209		0.454726		0.802800		0.714000		0.781600
0.820688		0.529466		0.320140		0.739232		0.022091		0.451158		0.804400		0.714000		0.781200
0.823031		0.530398		0.318701		0.739232		0.021900		0.451488		0.800000		0.714000		0.782800
0.822130		0.525951		0.318272		0.739232		0.022627		0.450580		0.802000		0.714000		0.780000
0.823932		0.526442		0.318230		0.739232		0.021839		0.448572		0.800800		0.714000		0.777200
0.823572		0.529555		0.318557		0.739232		0.020484		0.448040		0.800000		0.714000		0.777200
0.822671		0.527899		0.319855		0.739232		0.020131		0.447481		0.794800		0.714000		0.774800
0.817625		0.527997		0.326131		0.739232		0.019282		0.447264		0.794800		0.714000		0.780400
0.815462		0.531587		0.360091		0.739232		0.015260		0.447565		0.792000		0.714000		0.769200
0.814021		0.531884		0.317415		0.739232		0.019065		0.447834		0.791200		0.714000		0.766400
0.810056		0.529395		0.317322		0.739232		0.019496		0.447563		0.788000		0.714000		0.770000
0.812399		0.529311		0.317318		0.739232		0.019157		0.446212		0.792400		0.714000		0.770800
0.813660		0.527919		0.317322		0.739232		0.019232		0.445627		0.791200		0.714000		0.770800
0.814201		0.524571		0.317349		0.739232		0.019842		0.444919		0.795600		0.714000		0.773200
0.816544		0.523124		0.317374		0.739232		0.020094		0.443925		0.798000		0.714000		0.771600
0.818346		0.522720		0.317443		0.739232		0.020214		0.443564		0.800000		0.714000		0.773200
0.819247		0.520926		0.317596		0.739052		0.020641		0.443289		0.801200		0.714000		0.774000
0.819607		0.520460		0.317888		0.739052		0.020670		0.442671		0.802400		0.714000		0.776400
0.821229		0.520050		0.318487		0.739052		0.020574		0.442180		0.803200		0.713200		0.778800
0.820148		0.519167		0.319935		0.738692		0.020422		0.441565		0.802400		0.712800		0.778400
0.820869		0.519119		0.324871		0.738692		0.019785		0.441078		0.800000		0.712800		0.776800
0.821950		0.518667		0.342076		0.738692		0.018554		0.441391		0.797200		0.713600		0.773200
0.821950		0.519342		0.319646		0.739773		0.019864		0.440532		0.794400		0.714000		0.771600
0.817084		0.517452		0.317886		0.739232		0.020337		0.440319		0.799600		0.714000		0.775200
0.818706		0.519238		0.317545		0.739232		0.019779		0.439718		0.791600		0.714000		0.773200
0.811858		0.514291		0.317434		0.739232		0.021081		0.440320		0.794800		0.714000		0.772800
0.814922		0.527025		0.317409		0.739232		0.019609		0.443549		0.774800		0.714000		0.776400
0.791494		0.518034		0.317405		0.739232		0.025648		0.455509		0.751200		0.714000		0.761200
0.777437		0.568441		0.317414		0.739232		0.022484		0.476290		0.784400		0.714000		0.768000
0.810777		0.534444		0.317458		0.739232		0.019306		0.449173		0.721200		0.714000		0.766800
0.719589		0.547656		0.317586		0.739232		0.037414		0.503095		0.760400		0.714000		0.754000
0.793296		0.562260		0.317944		0.739232		0.019737		0.466595		0.751200		0.714000		0.751600
0.780501		0.578869		0.319499		0.739232		0.020296		0.478507		0.765600		0.714000		0.750000
0.789692		0.565904		0.333026		0.739953		0.016396		0.467415		0.754000		0.714000		0.771600
0.762660		0.564110		0.536310		0.741575		0.008365		0.481037		0.744000		0.714000		0.753200
0.750225		0.557911		0.337944		0.739232		0.019794		0.468793		0.763200		0.714000		0.758400
0.771851		0.554312		0.317621		0.739232		0.018985		0.462267		0.780800		0.714000		0.760800
0.798342		0.548857		0.317647		0.739232		0.018976		0.458191		0.776000		0.714000		0.761600
0.799423		0.550953		0.317725		0.739232		0.020556		0.462155		0.785200		0.714000		0.766800
0.805911		0.542777		0.317828		0.739232		0.020078		0.456528		0.780800		0.714000		0.770800
0.797801		0.536408		0.318001		0.739232		0.020196		0.454466		0.775600		0.714000		0.771600
0.789872		0.535597		0.318271		0.739232		0.021283		0.455734		0.786800		0.714000		0.776000
0.805911		0.531628		0.318699		0.739232		0.020820		0.450885		0.795600		0.714000		0.775200
0.814201		0.533021		0.319392		0.739232		0.021164		0.452043		0.800400		0.714000		0.779200
0.816904		0.532285		0.320554		0.739232		0.021148		0.451772		0.797600		0.714000		0.778400
0.817084		0.528423		0.322565		0.739232		0.020536		0.449345		0.790000		0.714000		0.779600
0.810777		0.528488		0.326210		0.739232		0.020299		0.449746		0.796000		0.714000		0.781200
0.815823		0.528613		0.333734		0.739232		0.018882		0.447824		0.798400		0.714000		0.783200
0.821770		0.530607		0.333995		0.739232		0.018336		0.447833		0.803600		0.714000		0.781600
0.824112		0.532334		0.324415		0.739232		0.019045		0.448525		0.796000		0.714000		0.777200
0.817084		0.531516		0.324072		0.739232		0.018781		0.447995		0.795600		0.714000		0.777200
0.816363		0.531698		0.331404		0.739232		0.017870		0.447667		0.793200		0.714000		0.778000
0.815642		0.531051		0.337427		0.739232		0.017284		0.447324		0.793600		0.714000		0.774400
0.815462		0.529510		0.325224		0.739232		0.018632		0.446564		0.796800		0.714000		0.778000
0.816003		0.526683		0.332922		0.739232		0.018611		0.446061		0.798400		0.714000		0.776400
0.819066		0.527096		0.340713		0.739232		0.018582		0.446641		0.708400		0.714000		0.760000
0.711119		0.555992		0.325186		0.739232		0.033842		0.503582		0.705600		0.714000		0.770800
0.727699		0.607772		0.321544		0.739232		0.036363		0.537320		0.766000		0.714000		0.775200
0.783565		0.560031		0.321285		0.739232		0.024861		0.472300		0.762400		0.714000		0.767600
0.774554		0.542127		0.322542		0.739232		0.019935		0.460769		0.687600		0.714000		0.760400
0.682105		0.576556		0.326835		0.739232		0.025119		0.490505		0.746400		0.714000		0.762400
0.753289		0.557451		0.342997		0.739232		0.016494		0.461573		0.797200		0.712800		0.779600
0.819968		0.557985		0.405221		0.738872		0.010417		0.461853		0.780000		0.714000		0.764000
0.798522		0.578332		0.338753		0.739232		0.020392		0.480777		0.786400		0.714000		0.765200
0.811858		0.557039		0.317753		0.739232		0.020088		0.464070		0.795200		0.714000		0.770000
0.809876		0.532705		0.317692		0.739232		0.019206		0.449081		0.768400		0.714000		0.776800
0.779780		0.531412		0.317762		0.739232		0.022997		0.457161		0.779200		0.714000		0.780000
0.788250		0.525650		0.317976		0.739232		0.024114		0.452988		0.791600		0.714000		0.778000
0.815642		0.518569		0.318473		0.739232		0.022871		0.444724		0.790400		0.714000		0.784000
0.814021		0.527664		0.319452		0.739232		0.024305		0.452761		0.794800		0.714000		0.780400
0.818165		0.523223		0.321415		0.739232		0.022630		0.447338		0.796400		0.714000		0.778400
0.811317		0.519690		0.326439		0.739232		0.020791		0.444363		0.779200		0.714000		0.779200
0.796360		0.525038		0.337753		0.739052		0.019804		0.447931		0.785600		0.714000		0.772400
0.805010		0.525680		0.320923		0.739232		0.020042		0.444663		0.790000		0.714000		0.770800
0.815282		0.527865		0.318813		0.739232		0.019534		0.444495		0.797200		0.714000		0.772000
0.817445		0.531745		0.318046		0.739232		0.019890		0.447511		0.793600		0.714000		0.771200
0.817625		0.529284		0.317689		0.739232		0.019605		0.445788		0.794400		0.714000		0.772800
0.812579		0.525327		0.317536		0.739232		0.019643		0.444211		0.787600		0.714000		0.774000
0.807893		0.523537		0.317483		0.739232		0.020424		0.444733		0.790400		0.714000		0.775600
0.811137		0.520539		0.317491		0.739232		0.020616		0.442527		0.800000		0.714000		0.778400
0.818526		0.519725		0.317557		0.739052		0.020836		0.441909		0.801200		0.714000		0.778800
0.818706		0.520065		0.317716		0.739052		0.021245		0.442743		0.799200		0.714000		0.778000
0.817805		0.517695		0.318053		0.739052		0.021156		0.441431		0.792000		0.714000		0.776400
0.815282		0.517015		0.318714		0.739052		0.021157		0.441336		0.793600		0.714000		0.776400
0.815642		0.517787		0.319630		0.739052		0.020725		0.440692		0.794800		0.714000		0.774800
0.817264		0.519432		0.320143		0.739052		0.020048		0.440197		0.795600		0.714000		0.774400
0.816363		0.521533		0.320155		0.739052		0.019690		0.440908		0.797200		0.714000		0.774400
0.816003		0.521680		0.320182		0.739052		0.019386		0.440762		0.793600		0.714000		0.772400
0.814741		0.521238		0.320604		0.739052		0.019305		0.440726		0.793600		0.714000		0.773600
0.814021		0.520509		0.321847		0.739052		0.019252		0.440372		0.794400		0.714000		0.774400
0.814381		0.519478		0.324869		0.739052		0.019027		0.439702		0.797200		0.714000		0.775600
0.816183		0.518572		0.329726		0.739052		0.018783		0.439525		0.795600		0.714000		0.774800
0.816544		0.516991		0.325603		0.739232		0.019370		0.439004		0.791600		0.714000		0.774400
0.815102		0.515816		0.324492		0.739232		0.019632		0.438599		0.792800		0.714000		0.775600
0.815642		0.515519		0.327678		0.739232		0.019254		0.438078		0.794800		0.714000		0.776800
0.815462		0.515953		0.334254		0.739232		0.018411		0.437762		0.793600		0.714000		0.774400
0.816183		0.516455		0.321779		0.739232		0.019457		0.437679		0.793600		0.714000		0.774800
0.813300		0.516443		0.320837		0.739232		0.019403		0.437536		0.796400		0.714000		0.776000
0.810236		0.516350		0.323408		0.739232		0.019046		0.437352		0.795200		0.714000		0.777200
0.812759		0.516012		0.340760		0.739232		0.017366		0.437109		0.794000		0.714000		0.775200
0.815642		0.515400		0.321475		0.739232		0.019355		0.436818		0.795600		0.714000		0.775600
0.814201		0.514114		0.319724		0.739232		0.019769		0.436497		0.797200		0.714000		0.777600
0.812759		0.512857		0.319858		0.739232		0.019977		0.436084		0.796800		0.714000		0.776400
0.814381		0.512082		0.321153		0.739232		0.019957		0.435634		0.795200		0.714000		0.777600
0.814922		0.511755		0.324748		0.739232		0.019588		0.435273		0.795200		0.714000		0.780000
0.814561		0.511588		0.333550		0.739232		0.018684		0.435035		0.796000		0.714000		0.780000
0.813480		0.511575		0.338909		0.739232		0.018099		0.434868		0.794800		0.714000		0.777600
0.813480		0.511772		0.329568		0.739232		0.018764		0.434554		0.794800		0.714000		0.778400
0.813660		0.511612		0.325552		0.739232		0.019123		0.434390		0.795200		0.714000		0.778400
0.814381		0.510834		0.324538		0.739232		0.019327		0.434143		0.796000		0.714000		0.778800
0.814021		0.509794		0.325151		0.739232		0.019436		0.433804		0.796000		0.714000		0.778800
0.814741		0.509058		0.327105		0.739232		0.019356		0.433446		0.796400		0.714000		0.779200
0.815102		0.508787		0.330065		0.739232		0.019065		0.433138		0.796000		0.714000		0.779200
0.815102		0.508697		0.332249		0.739232		0.018779		0.432903		0.796000		0.714000		0.780000
0.814021		0.508860		0.331394		0.739232		0.018711		0.432682		0.793600		0.714000		0.779600
0.814381		0.508835		0.328856		0.739232		0.018864		0.432500		0.795200		0.714000		0.778800
0.815282		0.508246		0.326765		0.739232		0.019120		0.432270		0.796000		0.714000		0.779600
0.815102		0.507449		0.325621		0.739232		0.019353		0.431972		0.794400		0.714000		0.780000
0.815642		0.506881		0.325286		0.739232		0.019450		0.431650		0.795600		0.714000		0.780400
0.814561		0.506541		0.325594		0.739232		0.019392		0.431343		0.796400		0.714000		0.779600
0.814922		0.506434		0.326395		0.739232		0.019226		0.431089		0.796400		0.714000		0.779600
0.815282		0.506249		0.327388		0.739232		0.019082		0.430879		0.797600		0.714000		0.780800
0.814741		0.505748		0.327940		0.739232		0.019064		0.430638		0.796000		0.714000		0.780000
0.814021		0.505185		0.327535		0.739232		0.019157		0.430359		0.795600		0.714000		0.779600
0.814922		0.504913		0.326571		0.739232		0.019219		0.430052		0.796400		0.714000		0.779600
0.814922		0.504653		0.325821		0.739232		0.019244		0.429800		0.796000		0.714000		0.780000
0.814561		0.504328		0.325659		0.739232		0.019245		0.429561		0.796800		0.714000		0.780000
0.814922		0.503722		0.326097		0.739232		0.019269		0.429303		0.797600		0.714000		0.780400
0.814741		0.503150		0.326848		0.739232		0.019265		0.429017		0.796400		0.714000		0.780800
0.814201		0.502812		0.327356		0.739232		0.019212		0.428734		0.796000		0.714000		0.780400
0.814561		0.502717		0.327201		0.739232		0.019143		0.428482		0.794400		0.714000		0.779600
0.814201		0.502361		0.326590		0.739232		0.019186		0.428273		0.795600		0.714000		0.780400
0.814922		0.501956		0.325947		0.739232		0.019273		0.428009		0.794800		0.714000		0.780400
0.814201		0.501291		0.325493		0.739232		0.019385		0.427762		0.794800		0.714000		0.779600
0.814021		0.501339		0.325289		0.739232		0.019320		0.427458		0.795200		0.714000		0.778800
0.813300		0.500754		0.325326		0.739232		0.019345		0.427299		0.796400		0.714000		0.780000
0.813480		0.500883		0.325492		0.739232		0.019255		0.427016		0.794000		0.714000		0.778800
0.811678		0.499608		0.325585		0.739232		0.019462		0.426942		0.798000		0.714000		0.781200
0.816544		0.500731		0.325389		0.739232		0.019277		0.426693		0.792800		0.714000		0.778000
0.806812		0.498818		0.325011		0.739232		0.019729		0.427152		0.797600		0.714000		0.778800
0.817445		0.503166		0.324616		0.739232		0.019277		0.427668		0.788000		0.714000		0.776400
0.800505		0.499683		0.324475		0.739232		0.020410		0.429855		0.790800		0.714000		0.776400
0.812399		0.509120		0.324554		0.739232		0.019699		0.431914		0.776800		0.714000		0.774400
0.794918		0.502448		0.324917		0.739232		0.021134		0.434291		0.786800		0.714000		0.776800
0.809695		0.513797		0.325395		0.739232		0.019669		0.434929		0.780400		0.714000		0.776000
0.795098		0.502184		0.326067		0.739232		0.020441		0.433018		0.794400		0.714000		0.778000
0.815102		0.506245		0.326410		0.739232		0.018944		0.429029		0.788800		0.714000		0.776000
0.804289		0.496256		0.326240		0.739232		0.020056		0.427143		0.794400		0.714000		0.781600
0.819607		0.496120		0.325032		0.739232		0.020037		0.424667		0.794800		0.714000		0.780000
0.810957		0.492930		0.323537		0.739232		0.020718		0.424564		0.795600		0.714000		0.779200
0.820688		0.496097		0.322437		0.739232		0.020133		0.424037		0.791600		0.714000		0.777600
0.803748		0.495022		0.321951		0.739232		0.020489		0.425368		0.793200		0.714000		0.776400
0.815282		0.503271		0.322058		0.739232		0.019770		0.427566		0.778800		0.714000		0.774000
0.792215		0.499635		0.322757		0.739232		0.021756		0.432829		0.780400		0.714000		0.775600
0.795999		0.521140		0.323821		0.739232		0.021221		0.442034		0.755600		0.714000		0.773200
0.768066		0.510339		0.325145		0.739232		0.022800		0.444330		0.780400		0.714000		0.770000
0.801225		0.524450		0.325925		0.739232		0.018990		0.440612		0.786400		0.714000		0.774000
0.803748		0.504046		0.327750		0.739232		0.017766		0.428074		0.778400		0.714000		0.777200
0.793116		0.497290		0.328451		0.739232		0.022725		0.433940		0.770400		0.714000		0.785200
0.785907		0.528991		0.324190		0.739232		0.026548		0.457715		0.740800		0.714000		0.772800
0.746801		0.516013		0.321261		0.739232		0.029242		0.462073		0.772400		0.714000		0.765200
0.794377		0.532051		0.320117		0.739232		0.020030		0.445979		0.779200		0.714000		0.760800
0.801586		0.531405		0.320122		0.739232		0.017725		0.442099		0.760400		0.714000		0.768000
0.771130		0.515343		0.321406		0.739232		0.021151		0.442460		0.794000		0.714000		0.778800
0.812759		0.490372		0.324958		0.739232		0.021712		0.424995		0.794400		0.714000		0.792000
0.816363		0.496599		0.328119		0.739232		0.026945		0.437510		0.776000		0.714000		0.781600
0.785907		0.493120		0.322620		0.739232		0.031956		0.447951		0.780800		0.714000		0.782800
0.797441		0.518192		0.319430		0.739232		0.024769		0.444536		0.776400		0.714000		0.766400
0.796179		0.515896		0.318378		0.739232		0.018224		0.433226		0.757200		0.714000		0.760800
0.765003		0.525803		0.318057		0.739232		0.019819		0.443030		0.794000		0.714000		0.770000
0.812939		0.508434		0.318023		0.739232		0.018581		0.429437		0.792800		0.714000		0.781200
0.813840		0.495708		0.318217		0.739232		0.022772		0.429636		0.782400		0.714000		0.782800
0.792395		0.489644		0.318722		0.739232		0.029455		0.441260		0.786000		0.714000		0.788400
0.806091		0.505450		0.319511		0.739232		0.027089		0.441037		0.781200		0.714000		0.776000
0.799784		0.494838		0.320149		0.739232		0.022998		0.430300		0.788400		0.714000		0.770800
0.811858		0.505770		0.320220		0.739232		0.018055		0.424920		0.788400		0.714000		0.771200
0.814201		0.514000		0.320450		0.739232		0.017953		0.431383		0.785200		0.714000		0.772000
0.804469		0.498598		0.321081		0.739232		0.018913		0.425552		0.786400		0.714000		0.777600
0.804289		0.487882		0.321248		0.739232		0.021829		0.423733		0.792800		0.714000		0.780800
0.810236		0.491780		0.320002		0.739232		0.023863		0.427255		0.785200		0.714000		0.775200
0.797081		0.486839		0.318841		0.739232		0.024320		0.427338		0.787600		0.714000		0.774800
0.810597		0.494798		0.318279		0.739232		0.020985		0.422412		0.780400		0.714000		0.771600
0.800144		0.497433		0.318083		0.739232		0.019055		0.422563		0.776800		0.714000		0.769600
0.798522		0.499590		0.318111		0.739232		0.018732		0.423485		0.793200		0.714000		0.776000
0.808254		0.496656		0.318367		0.739232		0.019465		0.423003		0.789200		0.714000		0.778000
0.808794		0.487767		0.318963		0.739232		0.021242		0.421888		0.788000		0.714000		0.779200
0.814021		0.486317		0.319901		0.739232		0.021731		0.420272		0.788800		0.714000		0.779600
0.814381		0.486838		0.320466		0.739232		0.021180		0.419340		0.789200		0.714000		0.774000
0.810416		0.489300		0.320106		0.739232		0.020107		0.419125		0.790400		0.714000		0.772400
0.812038		0.494413		0.319583		0.739232		0.018928		0.419927		0.784400		0.714000		0.770800
0.807172		0.493126		0.319335		0.739232		0.018978		0.420277		0.789600		0.714000		0.774400
0.812399		0.490000		0.319345		0.739232		0.019554		0.419219		0.788400		0.714000		0.776400
0.811137		0.486975		0.319510		0.739232		0.020470		0.418920		0.788400		0.714000		0.776000
0.810056		0.485184		0.319697		0.739232		0.020928		0.418559		0.791200		0.714000		0.775600
0.810777		0.487653		0.319809		0.739232		0.020162		0.417817		0.785600		0.714000		0.772800
0.804289		0.488662		0.319880		0.739232		0.019656		0.418536		0.795200		0.714000		0.773600
0.811858		0.492122		0.320015		0.739232		0.019024		0.418870		0.788400		0.714000		0.774400
0.804289		0.488036		0.320255		0.739232		0.019638		0.418957		0.790800		0.714000		0.777600
0.810957		0.487592		0.320475		0.739232		0.019954		0.418006		0.788000		0.714000		0.776400
0.806091		0.484035		0.320462		0.739232		0.020876		0.418597		0.791600		0.714000		0.776000
0.812759		0.490056		0.320222		0.739232		0.020359		0.419487		0.778400		0.714000		0.773600
0.791854		0.490478		0.319986		0.739232		0.021458		0.424553		0.781200		0.714000		0.773200
0.802487		0.507856		0.319942		0.739232		0.021047		0.432268		0.753600		0.714000		0.766800
0.769508		0.501996		0.320178		0.739232		0.022337		0.435735		0.784800		0.714000		0.768800
0.803929		0.506502		0.320785		0.739232		0.019647		0.429245		0.784000		0.714000		0.773600
0.803568		0.487912		0.321804		0.739232		0.019599		0.419774		0.788000		0.714000		0.777200
0.808434		0.481130		0.322377		0.739232		0.021432		0.417277		0.790800		0.714000		0.780400
0.814201		0.489142		0.321304		0.739232		0.022975		0.423549		0.756000		0.714000		0.773600
0.768967		0.496024		0.319954		0.739232		0.027024		0.439976		0.754800		0.714000		0.772000
0.765003		0.541176		0.319237		0.739232		0.026516		0.464397		0.747200		0.714000		0.754400
0.759056		0.527262		0.319067		0.739232		0.018913		0.444357		0.737600		0.714000		0.756000
0.756713		0.524794		0.319608		0.739232		0.019766		0.442467		0.787200		0.714000		0.771600
0.799063		0.508161		0.321489		0.739232		0.019624		0.431737		0.785600		0.714000		0.779200
0.803388		0.487620		0.325108		0.739232		0.024574		0.429354		0.775600		0.714000		0.780000
0.794197		0.483722		0.321937		0.739232		0.032111		0.439946		0.772800		0.714000		0.787200
0.795459		0.512770		0.319080		0.739232		0.031010		0.452160		0.761600		0.714000		0.776400
0.768247		0.511582		0.318153		0.739232		0.024856		0.443849		0.788400		0.714000		0.766400
0.812218		0.533672		0.317863		0.739232		0.017221		0.440822		0.782000		0.714000		0.766000
0.813300		0.531577		0.317820		0.739232		0.018106		0.443241		0.793600		0.714000		0.774800
0.818526		0.488807		0.317946		0.739232		0.021048		0.422667		0.777200		0.714000		0.780000
0.790953		0.478748		0.318316		0.739232		0.033505		0.442074		0.761200		0.714000		0.782400
0.774554		0.527504		0.319015		0.739232		0.040684		0.478413		0.696800		0.714000		0.758000
0.707515		0.528814		0.319685		0.739232		0.038687		0.491844		0.751600		0.714000		0.756400
0.773473		0.551300		0.319797		0.739232		0.018273		0.454741		0.703200		0.714000		0.741200
0.727699		0.588222		0.321435		0.739232		0.020362		0.482943		0.737600		0.714000		0.742800
0.758335		0.578925		0.335605		0.739232		0.016709		0.474270		0.738800		0.714800		0.756800
0.763020		0.547521		0.566203		0.745360		0.007930		0.469268		0.748000		0.714000		0.757200
0.766625		0.508893		0.337819		0.739232		0.020506		0.439044		0.785600		0.714000		0.776800
0.796720		0.484405		0.317407		0.739232		0.028331		0.434957		0.787600		0.714000		0.795600
0.810957		0.495155		0.317372		0.739232		0.035292		0.450396		0.789600		0.714000		0.786000
0.809876		0.477709		0.317332		0.739232		0.038279		0.448173		0.801600		0.714000		0.791600
0.820688		0.488064		0.317322		0.739232		0.029985		0.432462		0.800400		0.714000		0.778800
0.815642		0.488697		0.317320		0.739232		0.023990		0.425464		0.794000		0.714000		0.773600
0.810597		0.503658		0.317318		0.739232		0.020366		0.428527		0.787200		0.714000		0.768800
0.813119		0.515944		0.317320		0.739232		0.018676		0.434110		0.788400		0.714000		0.768400
0.802667		0.511132		0.317320		0.739232		0.018653		0.432863		0.786400		0.714000		0.769600
0.804469		0.500413		0.317324		0.739232		0.019702		0.428153		0.792400		0.714000		0.779600
0.814381		0.493064		0.317353		0.739232		0.021384		0.425492		0.790800		0.714000		0.780400
0.810777		0.484748		0.317362		0.739232		0.023627		0.424864		0.790400		0.714000		0.777600
0.814561		0.484604		0.317372		0.739232		0.024088		0.423782		0.790800		0.714000		0.776400
0.816363		0.486020		0.317347		0.739232		0.023499		0.423284		0.785200		0.714000		0.774400
0.812218		0.488529		0.317313		0.739232		0.022228		0.422633		0.785200		0.714000		0.774000
0.809155		0.493573		0.317291		0.739232		0.020457		0.422509		0.781600		0.714000		0.768400
0.799243		0.495579		0.317345		0.739232		0.019506		0.423019		0.781600		0.714000		0.768400
0.799604		0.496508		0.320238		0.739232		0.018870		0.422559		0.780400		0.714400		0.769200
0.795639		0.495934		0.332325		0.739593		0.018987		0.424474		0.781600		0.714000		0.771200
0.797801		0.495304		0.318857		0.739232		0.019348		0.422581		0.786000		0.714000		0.772800
0.802847		0.493143		0.317714		0.739052		0.019758		0.421682		0.789200		0.714000		0.776000
0.806271		0.491543		0.318409		0.739052		0.019942		0.420609		0.790800		0.713600		0.775600
0.811678		0.491103		0.320173		0.739232		0.019898		0.420130		0.791600		0.713600		0.776400
0.812218		0.490695		0.321769		0.739232		0.019966		0.420071		0.792000		0.713600		0.775200
0.814381		0.490616		0.319997		0.738872		0.020032		0.419523		0.790800		0.713600		0.774400
0.811858		0.489303		0.318412		0.738872		0.020272		0.418854		0.789600		0.713200		0.775200
0.813660		0.488786		0.317823		0.738872		0.020322		0.418293		0.789200		0.713200		0.774800
0.810957		0.488289		0.317608		0.738872		0.020454		0.418246		0.790000		0.712800		0.775600
0.809155		0.487971		0.317521		0.738872		0.020496		0.418118		0.788800		0.712800		0.774400
0.809876		0.487492		0.317491		0.738511		0.020411		0.417638		0.788000		0.712800		0.774800
0.809695		0.486018		0.317501		0.738872		0.020411		0.416957		0.787600		0.712800		0.773200
0.811137		0.485156		0.317549		0.738872		0.020330		0.416297		0.792000		0.712800		0.773200
0.810597		0.484495		0.317664		0.738872		0.020304		0.415940		0.788400		0.712800		0.775600
0.807353		0.482515		0.317896		0.738872		0.020653		0.415856		0.792800		0.712800		0.776800
0.811317		0.483727		0.318349		0.738872		0.020443		0.415528		0.788400		0.712800		0.776000
0.804289		0.481838		0.319038		0.738872		0.020546		0.415725		0.792800		0.712800		0.776400
0.809876		0.484660		0.319653		0.738872		0.019760		0.414923		0.788000		0.712800		0.776400
0.805551		0.483301		0.319435		0.738872		0.019654		0.414866		0.788400		0.714000		0.775600
0.809695		0.483613		0.318999		0.739413		0.019445		0.413942		0.790800		0.714000		0.777200
0.812759		0.481780		0.318722		0.739232		0.019826		0.413702		0.790000		0.714000		0.778400
0.811858		0.479912		0.318621		0.739232		0.020331		0.413316		0.794400		0.714000		0.777600
0.812399		0.480017		0.318641		0.739232		0.020371		0.412981		0.790800		0.714000		0.776400
0.808254		0.479123		0.318741		0.739232		0.020481		0.413129		0.790000		0.714000		0.776800
0.811498		0.482826		0.318918		0.739232		0.019876		0.413536		0.783600		0.714000		0.773200
0.800685		0.481477		0.319162		0.739232		0.020310		0.415277		0.788000		0.714000		0.772800
0.809155		0.487213		0.319488		0.739232		0.020068		0.416779		0.772400		0.714000		0.772800
0.789692		0.483666		0.319848		0.739232		0.021598		0.420454		0.786000		0.714000		0.778800
0.805551		0.495423		0.320205		0.739232		0.021598		0.425022		0.748400		0.714000		0.768800
0.770589		0.493501		0.320436		0.739232		0.023700		0.432458		0.780400		0.714000		0.775600
0.799243		0.507334		0.320589		0.739232		0.021735		0.433476		0.769200		0.714000		0.766800
0.789512		0.491395		0.320692		0.739232		0.019398		0.422044		0.779200		0.714000		0.772800
0.804289		0.481141		0.320927		0.739232		0.019459		0.413070		0.787200		0.714000		0.779200
0.809515		0.483972		0.320991		0.739232		0.023395		0.421228		0.757600		0.714000		0.777600
0.773833		0.485407		0.320448		0.739232		0.028819		0.436302		0.758800		0.714000		0.773600
0.780501		0.525458		0.319719		0.739232		0.028553		0.457605		0.728000		0.714000		0.756800
0.741935		0.522249		0.319235		0.739232		0.021664		0.446872		0.748800		0.714000		0.761200
0.768427		0.521823		0.319243		0.739232		0.018006		0.435977		0.790000		0.714000		0.770400
0.797621		0.504268		0.319833		0.739232		0.019477		0.428627		0.791600		0.714000		0.782000
0.804830		0.480108		0.320967		0.739232		0.025238		0.424314		0.777200		0.714000		0.780800
0.794918		0.477461		0.321148		0.739232		0.033571		0.437545		0.775600		0.714000		0.782000
0.800865		0.503037		0.319671		0.739232		0.031961		0.446981		0.764400		0.714000		0.776000
0.765724		0.506086		0.318628		0.739232		0.024969		0.439820		0.780400		0.714000		0.764400
0.798342		0.524323		0.318222		0.739232		0.017073		0.434487		0.778800		0.714000		0.766000
0.808254		0.521776		0.318159		0.739232		0.018204		0.436981		0.792000		0.714000		0.777600
0.813119		0.479979		0.318322		0.739232		0.020862		0.416356		0.765600		0.714000		0.775200
0.785006		0.474407		0.318674		0.739232		0.032940		0.437603		0.765600		0.714000		0.783600
0.775455		0.517816		0.319018		0.739232		0.039178		0.469283		0.694400		0.714000		0.757200
0.704812		0.525486		0.319066		0.739232		0.037634		0.485158		0.762800		0.714000		0.760000
0.782303		0.541321		0.319009		0.739232		0.017215		0.446310		0.733200		0.714000		0.757600
0.752208		0.579935		0.319586		0.739232		0.021014		0.478486		0.734400		0.714000		0.751200
0.763921		0.576257		0.322091		0.739232		0.019398		0.473929		0.752000		0.714000		0.749200
0.775996		0.547905		0.339582		0.739232		0.014841		0.452593		0.755600		0.714000		0.768400
0.767706		0.504493		0.413435		0.739232		0.016017		0.438752		0.786400		0.714000		0.778400
0.796900		0.470860		0.337652		0.739232		0.029158		0.429054		0.795600		0.714000		0.788800
0.817264		0.469721		0.317265		0.739232		0.035846		0.433351		0.794800		0.714000		0.787200
0.812759		0.464139		0.317260		0.739232		0.035799		0.428845		0.800000		0.714000		0.786400
0.818706		0.469193		0.317255		0.739232		0.028290		0.416532		0.768400		0.714000		0.772400
0.791494		0.486318		0.317255		0.739232		0.023173		0.422225		0.768400		0.712800		0.773600
0.775455		0.526273		0.317255		0.738872		0.023802		0.448702		0.740400		0.712800		0.754800
0.759777		0.519761		0.317255		0.738872		0.018031		0.437496		0.731200		0.705600		0.754800
0.750766		0.522358		0.317255		0.738692		0.019372		0.439782		0.787600		0.705600		0.772000
0.803748		0.497555		0.317255		0.738692		0.019583		0.425375		0.794000		0.705600		0.777600
0.808254		0.481547		0.317255		0.738692		0.022736		0.419408		0.760400		0.705600		0.778800
0.776176		0.484451		0.317255		0.738692		0.030955		0.437544		0.780800		0.705600		0.787200
0.807713		0.490122		0.317255		0.738692		0.028962		0.434847		0.773600		0.705600		0.775600
0.794918		0.477328		0.317255		0.738692		0.024109		0.418963		0.781200		0.705600		0.766000
0.797081		0.482691		0.317255		0.738692		0.019605		0.411726		0.777200		0.709200		0.766000
0.801225		0.495054		0.317256		0.738692		0.019200		0.419625		0.771200		0.712800		0.763600
0.786989		0.491106		0.317321		0.738692		0.018198		0.416958		0.764800		0.712800		0.763200
0.786448		0.484644		0.321466		0.739232		0.019651		0.416330		0.787600		0.714000		0.773600
0.803388		0.478508		0.339173		0.739413		0.021615		0.416245		0.787600		0.713200		0.775200
0.804289		0.473129		0.317467		0.738872		0.022739		0.412639		0.786000		0.713200		0.776800
0.803388		0.472406		0.317293		0.738872		0.023103		0.412326		0.792000		0.713200		0.780800
0.815282		0.475988		0.317286		0.738872		0.021639		0.411027		0.789200		0.712800		0.777200
0.810416		0.479317		0.317303		0.738872		0.019901		0.410745		0.788800		0.712800		0.775600
0.809695		0.482730		0.317338		0.738511		0.019007		0.411718		0.790400		0.712800		0.773600
0.811137		0.481544		0.317364		0.738511		0.019132		0.411523		0.786800		0.712800		0.775600
0.804289		0.476663		0.317400		0.738692		0.019853		0.410457		0.786000		0.712800		0.778000
0.804109		0.473454		0.317475		0.738692		0.020750		0.409700		0.785600		0.712800		0.776800
0.805551		0.472418		0.317539		0.738692		0.021020		0.408894		0.782800		0.712800		0.775200
0.802487		0.471882		0.317602		0.738692		0.020555		0.408059		0.784000		0.712800		0.774400
0.806812		0.474650		0.317636		0.738692		0.019713		0.407807		0.779600		0.712800		0.772800
0.806091		0.475368		0.317686		0.738692		0.019425		0.408318		0.778800		0.712800		0.773600
0.805010		0.473447		0.317749		0.738692		0.019677		0.407769		0.784800		0.712800		0.773600
0.806271		0.471199		0.317871		0.738692		0.020223		0.407204		0.784800		0.712800		0.773200
0.802487		0.469566		0.318178		0.738872		0.020565		0.406969		0.786400		0.712800		0.775200
0.807172		0.470559		0.318988		0.738872		0.020161		0.406248		0.784000		0.712800		0.774800
0.805551		0.471279		0.320800		0.738872		0.019505		0.406038		0.783200		0.714000		0.774400
0.808434		0.472315		0.321778		0.739232		0.019127		0.406068		0.785600		0.714000		0.776800
0.810236		0.471072		0.320006		0.739232		0.019464		0.405909		0.787600		0.714000		0.776800
0.810056		0.469124		0.318779		0.739232		0.020026		0.405429		0.788400		0.714000		0.775200
0.808434		0.468473		0.318256		0.739232		0.020191		0.404937		0.784000		0.714000		0.774000
0.807172		0.468804		0.318042		0.739232		0.019906		0.404587		0.784800		0.714000		0.774800
0.806992		0.470124		0.317976		0.739232		0.019485		0.404452		0.782800		0.714000		0.774400
0.804289		0.469428		0.317999		0.739232		0.019507		0.404538		0.784000		0.714000		0.773200
0.809155		0.468709		0.318101		0.739232		0.019862		0.404326		0.776400		0.714000		0.773200
0.802127		0.466369		0.318298		0.739232		0.020560		0.404869		0.783600		0.714000		0.772000
0.806992		0.470880		0.318620		0.739232		0.020757		0.406736		0.764800		0.714000		0.771600
0.781402		0.474750		0.319093		0.739232		0.022494		0.415681		0.768400		0.714000		0.775600
0.784646		0.502189		0.319751		0.739232		0.024550		0.434377		0.704000		0.714000		0.752000
0.729681		0.508342		0.320484		0.739232		0.025175		0.447014		0.775600		0.714000		0.768400
0.795278		0.503629		0.321382		0.739232		0.017165		0.422695		0.773200		0.714000		0.772400
0.795098		0.501674		0.322687		0.739232		0.020210		0.427315		0.752000		0.714000		0.771600
0.772391		0.484182		0.323202		0.739232		0.024842		0.429588		0.794800		0.714000		0.781200
0.815462		0.467566		0.321716		0.739232		0.022850		0.408986		0.795200		0.714000		0.781600
0.818706		0.463064		0.319879		0.739232		0.023097		0.405611		0.780800		0.714000		0.781600
0.798883		0.468298		0.318818		0.739232		0.024500		0.411882		0.780000		0.714000		0.774000
0.805010		0.481498		0.318305		0.739232		0.023821		0.418615		0.749600		0.714000		0.768000
0.774013		0.481977		0.318064		0.739232		0.022770		0.421673		0.784800		0.714000		0.768800
0.801225		0.478114		0.317978		0.739232		0.019387		0.408913		0.784400		0.714000		0.770400
0.801045		0.469861		0.317998		0.739232		0.020823		0.406826		0.762000		0.714000		0.772800
0.781402		0.467863		0.318116		0.739232		0.026093		0.417681		0.761200		0.714000		0.778000
0.781042		0.505179		0.318349		0.739232		0.030788		0.447723		0.661600		0.714000		0.744400
0.672373		0.544329		0.318725		0.739232		0.036710		0.493394		0.764400		0.714000		0.759200
0.782844		0.533426		0.319344		0.739232		0.017405		0.442137		0.732400		0.714000		0.760800
0.741755		0.561115		0.320985		0.739232		0.024512		0.471960		0.757600		0.714000		0.758400
0.778699		0.530742		0.325005		0.739232		0.016896		0.443775		0.709200		0.714000		0.750400
0.734006		0.527286		0.337954		0.739232		0.021996		0.460606		0.781600		0.714000		0.773200
0.795459		0.491460		0.324320		0.739232		0.023143		0.427979		0.777200		0.714000		0.782400
0.795999		0.504613		0.319268		0.739232		0.030674		0.446353		0.764400		0.714000		0.767200
0.783565		0.505847		0.318113		0.739232		0.023140		0.438754		0.778000		0.714000		0.769200
0.805190		0.512455		0.317804		0.739232		0.019405		0.432166		0.792800		0.714000		0.772400
0.816724		0.515593		0.317713		0.739232		0.020044		0.436995		0.795600		0.714000		0.776000
0.818526		0.507744		0.317713		0.739232		0.021846		0.434604		0.792000		0.714000		0.779200
0.814741		0.494484		0.317779		0.739232		0.022326		0.428593		0.789200		0.714000		0.778400
0.813119		0.487437		0.317923		0.739232		0.024425		0.426221		0.792000		0.714000		0.778400
0.821409		0.488534		0.318196		0.739232		0.026053		0.427459		0.797600		0.714000		0.778000
0.810957		0.487545		0.318683		0.739232		0.021817		0.419983		0.784000		0.714000		0.768400
0.802127		0.496101		0.319593		0.739232		0.019888		0.422733		0.785200		0.714000		0.772400
0.806992		0.496565		0.321317		0.739232		0.019289		0.421941		0.785600		0.714000		0.772800
0.808975		0.493774		0.323716		0.739232		0.020298		0.422570		0.786400		0.714000		0.772400
0.805731		0.487660		0.323778		0.739232		0.020862		0.421177		0.787600		0.714000		0.771600
0.807893		0.483251		0.321417		0.739232		0.021977		0.418789		0.788400		0.714000		0.776400
0.815823		0.483792		0.319556		0.739232		0.022852		0.419367		0.787600		0.714000		0.773600
0.809515		0.483547		0.318621		0.739232		0.021377		0.417651		0.794400		0.714000		0.775200
0.814021		0.485403		0.318210		0.739232		0.020123		0.415782		0.792800		0.714000		0.775600
0.817264		0.488620		0.318043		0.739232		0.019713		0.417259		0.795200		0.714000		0.774400
0.811498		0.488294		0.318010		0.739232		0.019291		0.417430		0.796800		0.714000		0.778000
0.814381		0.485534		0.318093		0.739232		0.019760		0.416186		0.791600		0.714000		0.778400
0.816003		0.483567		0.318313		0.739232		0.020559		0.416049		0.790800		0.714000		0.776800
0.809155		0.482105		0.318730		0.739232		0.020484		0.415459		0.790800		0.714000		0.774400
0.813660		0.482193		0.319433		0.739232		0.020342		0.414443		0.786000		0.714000		0.773200
0.809695		0.482289		0.320333		0.739232		0.019801		0.414002		0.785200		0.714000		0.771200
0.805911		0.482472		0.320975		0.739232		0.019497		0.413780		0.787200		0.714000		0.772800
0.804469		0.482497		0.320849		0.739232		0.019615		0.413807		0.783200		0.714000		0.771200
0.804830		0.481660		0.320150		0.739232		0.019646		0.413598		0.785200		0.714000		0.771600
0.808074		0.480572		0.319467		0.739232		0.019925		0.412920		0.788000		0.714000		0.774800
[test] accuracy: 0.8068, attention accuracy: 0.7336, ensemble accuracy: 0.8176